============================================================
  Generated by:           Genus(TM) Synthesis Solution 21.14-s082_1
  Generated on:           Feb 03 2026  02:35:15 am
  Module:                 ravan_soc_top
  Technology libraries:   slow_vdd1v2 1.0
                          MEM2_2048X32 1.1
  Operating conditions:   PVT_1P08V_125C (balanced_tree)
  Wireload mode:          enclosed
  Area mode:              timing library
============================================================

     Instance                 Module             Cell Count   Cell Area  Net Area   Total Area   Wireload  
-----------------------------------------------------------------------------------------------------------
ravan_soc_top                                         12614 1331656.204     0.000  1331656.204 <none> (D)  
  memory_unit      SRAM_8TU_Top                          68 1300395.352     0.000  1300395.352 <none> (D)  
  u_crypto_engine  pipeline                           11819   26653.770     0.000    26653.770 <none> (D)  
    cdc_bridge     async_fifo_DSIZE64_ASIZE5           6249    9514.440     0.000     9514.440 <none> (D)  
      fifo_ram     fifomem_DATASIZE64_ADDRSIZE5        6148    9106.092     0.000     9106.092 <none> (D)  
      rptr_handler rptr_empty_ADDRSIZE5                  39     130.986     0.000      130.986 <none> (D)  
      sync_r2w     sync_ADDRSIZE5                        12      73.872     0.000       73.872 <none> (D)  
      sync_w2r     sync_ADDRSIZE5_654                    12      73.872     0.000       73.872 <none> (D)  
      wptr_handler wptr_full_ADDRSIZE5                   37     128.250     0.000      128.250 <none> (D)  
    hash_unit      sha256                               983    5121.450     0.000     5121.450 <none> (D)  
      core         sha256_core                           39     104.310     0.000      104.310 <none> (D)  
    u5dut          custom32                              74      98.496     0.000       98.496 <none> (D)  
    u_backend      fifo_interconnect                   2512    8137.206     0.000     8137.206 <none> (D)  
      u_dec        decryption                           838    1308.492     0.000     1308.492 <none> (D)  
      u_enc        encryption                           835    1304.730     0.000     1304.730 <none> (D)  
  (D) = wireload is default in technology library
