============================================================
  Generated by:           Genus(TM) Synthesis Solution 21.14-s082_1
  Generated on:           Feb 03 2026  02:35:15 am
  Module:                 ravan_soc_top
  Operating conditions:   PVT_1P08V_125C (balanced_tree)
  Wireload mode:          enclosed
  Area mode:              timing library
============================================================

                                     
    Gate      Instances     Area         Library     
-----------------------------------------------------
AND2X1LVT            49       67.032    slow_vdd1v2  
AND2X2LVT            24       41.040    slow_vdd1v2  
AND2XLLVT             6        8.208    slow_vdd1v2  
AND3X2LVT             2        5.472    slow_vdd1v2  
AND3XLLVT             1        2.052    slow_vdd1v2  
AND4X1LVT             1        2.394    slow_vdd1v2  
AND4X2LVT             1        3.078    slow_vdd1v2  
AND4XLLVT             2        4.788    slow_vdd1v2  
AO21X1LVT             1        2.394    slow_vdd1v2  
AO21XLLVT             2        4.788    slow_vdd1v2  
AO22XLLVT            20       54.720    slow_vdd1v2  
AOI21X1LVT           11       18.810    slow_vdd1v2  
AOI21XLLVT            1        1.710    slow_vdd1v2  
AOI221X1LVT         159      380.646    slow_vdd1v2  
AOI222X1LVT           9       27.702    slow_vdd1v2  
AOI22X1LVT          756     1551.312    slow_vdd1v2  
AOI22XLLVT         1842     3779.784    slow_vdd1v2  
AOI2BB1XLLVT          1        2.052    slow_vdd1v2  
AOI31X1LVT            1        2.052    slow_vdd1v2  
AOI32X1LVT            6       14.364    slow_vdd1v2  
BUFX3LVT              1        2.052    slow_vdd1v2  
BUFX4LVT              1        2.394    slow_vdd1v2  
CLKINVX12LVT          1        4.104    slow_vdd1v2  
CLKINVX4LVT           1        1.710    slow_vdd1v2  
CLKINVX6LVT           1        2.394    slow_vdd1v2  
CLKINVX8LVT           1        3.078    slow_vdd1v2  
DFFRHQX1LVT         255     1569.780    slow_vdd1v2  
DFFRHQX8LVT           1       11.286    slow_vdd1v2  
DFFRX1LVT            10       68.400    slow_vdd1v2  
DFFRX2LVT             3       22.572    slow_vdd1v2  
DFFSX2LVT          2705        0.000    slow_vdd1v2  
INVX1LVT             53       36.252    slow_vdd1v2  
INVX20LVT             2       12.996    slow_vdd1v2  
INVX2LVT              9        9.234    slow_vdd1v2  
INVX3LVT              3        4.104    slow_vdd1v2  
INVXLLVT             30       20.520    slow_vdd1v2  
MEM2_2048X32          2  1300000.000    MEM2_2048X32 
MX2X1LVT             64      153.216    slow_vdd1v2  
MX2XLLVT           2528     6052.032    slow_vdd1v2  
MX3XLLVT             12       57.456    slow_vdd1v2  
MXI2XLLVT             2        4.788    slow_vdd1v2  
NAND2BX1LVT          41       56.088    slow_vdd1v2  
NAND2BX2LVT           1        2.394    slow_vdd1v2  
NAND2BXLLVT           6        8.208    slow_vdd1v2  
NAND2X1LVT           64       65.664    slow_vdd1v2  
NAND2XLLVT           81       83.106    slow_vdd1v2  
NAND3BX1LVT           1        2.052    slow_vdd1v2  
NAND3BXLLVT          10       17.100    slow_vdd1v2  
NAND3X1LVT           12       20.520    slow_vdd1v2  
NAND3XLLVT            1        1.710    slow_vdd1v2  
NAND4BX1LVT           1        2.394    slow_vdd1v2  
NAND4BXLLVT           1        2.394    slow_vdd1v2  
NAND4XLLVT          186      318.060    slow_vdd1v2  
NOR2BX1LVT           34       46.512    slow_vdd1v2  
NOR2BX2LVT            1        2.736    slow_vdd1v2  
NOR2X1LVT           294      301.644    slow_vdd1v2  
NOR2X2LVT            18       30.780    slow_vdd1v2  
NOR2XLLVT            27       27.702    slow_vdd1v2  
NOR3BX1LVT            5       10.260    slow_vdd1v2  
NOR3X1LVT             6       10.260    slow_vdd1v2  
NOR3XLLVT             1        1.710    slow_vdd1v2  
NOR4BX1LVT            3        7.182    slow_vdd1v2  
NOR4X1LVT             1        1.710    slow_vdd1v2  
OA21X1LVT             1        2.052    slow_vdd1v2  
OAI211X1LVT          13       22.230    slow_vdd1v2  
OAI21X1LVT           17       29.070    slow_vdd1v2  
OAI21XLLVT            3        5.130    slow_vdd1v2  
OAI221X1LVT          25       59.850    slow_vdd1v2  
OAI22X1LVT          757     1553.364    slow_vdd1v2  
OAI22XLLVT            6       12.312    slow_vdd1v2  
OAI2BB1X1LVT        244      417.240    slow_vdd1v2  
OAI31X1LVT            6       12.312    slow_vdd1v2  
OAI32X1LVT            2        4.788    slow_vdd1v2  
OR2X1LVT              9       12.312    slow_vdd1v2  
OR2X2LVT             24       41.040    slow_vdd1v2  
OR2XLLVT              6        8.208    slow_vdd1v2  
OR3X1LVT              4        8.208    slow_vdd1v2  
OR3X2LVT              4        9.576    slow_vdd1v2  
OR4X1LVT              5       10.260    slow_vdd1v2  
SDFFRHQX1LVT       1604    13165.632    slow_vdd1v2  
XNOR2X1LVT          418     1000.692    slow_vdd1v2  
XOR2XLLVT            91      248.976    slow_vdd1v2  
-----------------------------------------------------
total             12614  1331656.204                 


   Library   Instances     Area    Instances % 
-----------------------------------------------
MEM2_2048X32         2 1300000.000         0.0 
slow_vdd1v2      12612   31656.204       100.0 

                                            
     Type      Instances     Area    Area % 
--------------------------------------------
timing_model           2 1300000.000   97.6 
sequential          4578   14837.670    1.1 
inverter             101      94.392    0.0 
buffer                 2       4.446    0.0 
logic               7931   16719.696    1.3 
physical_cells         0       0.000    0.0 
--------------------------------------------
total              12614 1331656.204  100.0 

