============================================================
  Generated by:           Genus(TM) Synthesis Solution 21.14-s082_1
  Generated on:           Feb 03 2026  02:35:15 am
  Module:                 ravan_soc_top
  Operating conditions:   PVT_1P08V_125C (balanced_tree)
  Wireload mode:          enclosed
  Area mode:              timing library
============================================================


Path 1: MET (977 ps) Setup Check with Pin u_crypto_engine/u_backend/k_mem_reg[4][63]/CK->D
          Group: clk_100
     Startpoint: (R) u_crypto_engine/cdc_bridge/rptr_handler/rbin_reg[3]/CK
          Clock: (R) clk_100
       Endpoint: (R) u_crypto_engine/u_backend/k_mem_reg[4][63]/D
          Clock: (R) clk_100

                     Capture       Launch     
        Clock Edge:+    2000            0     
       Src Latency:+       0            0     
       Net Latency:+       0 (I)        0 (I) 
           Arrival:=    2000            0     
                                              
             Setup:-      79                  
     Required Time:=    1921                  
      Launch Clock:-       0                  
         Data Path:-     944                  
             Slack:=     977                  

#-----------------------------------------------------------------------------------------------------------------------------------
#                     Timing Point                       Flags   Arc   Edge     Cell      Fanout  Load Trans Delay Arrival Instance 
#                                                                                                 (fF)  (ps)  (ps)   (ps)  Location 
#-----------------------------------------------------------------------------------------------------------------------------------
  u_crypto_engine/cdc_bridge/rptr_handler/rbin_reg[3]/CK -       -     R     (arrival)      1019     -     0     0       0    (-,-) 
  u_crypto_engine/cdc_bridge/rptr_handler/rbin_reg[3]/Q  -       CK->Q F     DFFRHQX1LVT       3   3.8    45   103     103    (-,-) 
  u_crypto_engine/cdc_bridge/fifo_ram/drc_bufs93542/Y    -       A->Y  R     CLKINVX8LVT     642 202.1   265   162     266    (-,-) 
  u_crypto_engine/cdc_bridge/fifo_ram/drc_bufs93540/Y    -       A->Y  F     INVX20LVT       969 196.2   159   157     422    (-,-) 
  u_crypto_engine/cdc_bridge/fifo_ram/g93404/Y           -       A->Y  R     CLKINVX6LVT     384 115.2   221   154     577    (-,-) 
  u_crypto_engine/cdc_bridge/fifo_ram/g92359/Y           -       A1->Y F     AOI22XLLVT        1   0.4    77   130     707    (-,-) 
  u_crypto_engine/cdc_bridge/fifo_ram/g92152__4319/Y     -       A1->Y R     OAI22X1LVT        1   0.5    58    53     760    (-,-) 
  u_crypto_engine/cdc_bridge/fifo_ram/g91641__1666/Y     -       A1->Y F     AOI22X1LVT        1   0.4    56    55     814    (-,-) 
  u_crypto_engine/cdc_bridge/fifo_ram/g91377__8246/Y     -       B1->Y R     OAI22X1LVT        1   0.3    53    35     849    (-,-) 
  u_crypto_engine/cdc_bridge/fifo_ram/g91325__5115/Y     -       B->Y  R     MX2X1LVT          9   4.5    52    95     944    (-,-) 
  u_crypto_engine/u_backend/k_mem_reg[4][63]/D           <<<     -     R     SDFFRHQX1LVT      9     -     -     0     944    (-,-) 
#-----------------------------------------------------------------------------------------------------------------------------------

